[90mWed, 15 Feb 2023 17:17:31 +0100[0m [32mINF[0m [1mgithub.com/Telmate/terraform-provider-proxmox/proxmox/util.go:190[0m[36m >[0m Logging Started. Root Logger Set to level info
[90mWed, 15 Feb 2023 17:17:31 +0100[0m [32mINF[0m [1mgithub.com/Telmate/terraform-provider-proxmox/proxmox/util.go:190[0m[36m >[0m Logging Started. Root Logger Set to level info
[90mWed, 15 Feb 2023 17:17:31 +0100[0m [32mINF[0m [1mgithub.com/Telmate/terraform-provider-proxmox/proxmox/resource_vm_qemu.go:845[0m[36m >[0m VM creation [36mloggerName=[0mresource_vm_create [36mvmid=[0m
[90mWed, 15 Feb 2023 17:17:31 +0100[0m [32mINF[0m [1mgithub.com/Telmate/terraform-provider-proxmox/proxmox/resource_vm_qemu.go:845[0m[36m >[0m VM creation [36mloggerName=[0mresource_vm_create [36mvmid=[0m
[90mWed, 15 Feb 2023 17:17:31 +0100[0m [32mINF[0m [1mgithub.com/Telmate/terraform-provider-proxmox/proxmox/resource_vm_qemu.go:845[0m[36m >[0m VM creation [36mloggerName=[0mresource_vm_create [36mvmid=[0m
[90mWed, 15 Feb 2023 17:34:32 +0100[0m [32mINF[0m [1mgithub.com/Telmate/terraform-provider-proxmox/proxmox/util.go:190[0m[36m >[0m Logging Started. Root Logger Set to level info
[90mWed, 15 Feb 2023 17:34:32 +0100[0m [32mINF[0m [1mgithub.com/Telmate/terraform-provider-proxmox/proxmox/resource_vm_qemu.go:1478[0m[36m >[0m Reading configuration for vmid [36mloggerName=[0mresource_vm_read [36mvmid=[0m100
[90mWed, 15 Feb 2023 17:34:34 +0100[0m [32mINF[0m [1mgithub.com/Telmate/terraform-provider-proxmox/proxmox/util.go:190[0m[36m >[0m Logging Started. Root Logger Set to level info
[90mWed, 15 Feb 2023 17:34:48 +0100[0m [32mINF[0m [1mgithub.com/Telmate/terraform-provider-proxmox/proxmox/resource_vm_qemu.go:845[0m[36m >[0m VM creation [36mloggerName=[0mresource_vm_create [36mvmid=[0m
[90mWed, 15 Feb 2023 17:36:43 +0100[0m [32mINF[0m [1mgithub.com/Telmate/terraform-provider-proxmox/proxmox/resource_vm_qemu.go:1939[0m[36m >[0m trying to get vm ip address for provisioner [36mloggerName=[0minitConnInfo [36mvmid=[0m100
[90mWed, 15 Feb 2023 17:36:45 +0100[0m [32mINF[0m [1mgithub.com/Telmate/terraform-provider-proxmox/proxmox/resource_vm_qemu.go:1963[0m[36m >[0m found working QEMU Agent [36mloggerName=[0minitConnInfo [36mvmid=[0m100
[90mWed, 15 Feb 2023 17:36:45 +0100[0m [32mINF[0m [1mgithub.com/Telmate/terraform-provider-proxmox/proxmox/resource_vm_qemu.go:1985[0m[36m >[0m trying to find IP address of first network card [36mloggerName=[0minitConnInfo [36mvmid=[0m100
[90mWed, 15 Feb 2023 17:36:56 +0100[0m [32mINF[0m [1mgithub.com/Telmate/terraform-provider-proxmox/proxmox/resource_vm_qemu.go:1478[0m[36m >[0m Reading configuration for vmid [36mloggerName=[0mresource_vm_read [36mvmid=[0m100
[90mWed, 15 Feb 2023 17:36:57 +0100[0m [32mINF[0m [1mgithub.com/Telmate/terraform-provider-proxmox/proxmox/resource_vm_qemu.go:845[0m[36m >[0m VM creation [36mloggerName=[0mresource_vm_create [36mvmid=[0m
[90mWed, 15 Feb 2023 17:38:11 +0100[0m [32mINF[0m [1mgithub.com/Telmate/terraform-provider-proxmox/proxmox/resource_vm_qemu.go:845[0m[36m >[0m VM creation [36mloggerName=[0mresource_vm_create [36mvmid=[0m
[90mWed, 15 Feb 2023 17:39:54 +0100[0m [32mINF[0m [1mgithub.com/Telmate/terraform-provider-proxmox/proxmox/util.go:190[0m[36m >[0m Logging Started. Root Logger Set to level info
[90mWed, 15 Feb 2023 17:39:54 +0100[0m [32mINF[0m [1mgithub.com/Telmate/terraform-provider-proxmox/proxmox/resource_vm_qemu.go:1478[0m[36m >[0m Reading configuration for vmid [36mloggerName=[0mresource_vm_read [36mvmid=[0m102
[90mWed, 15 Feb 2023 17:39:55 +0100[0m [32mINF[0m [1mgithub.com/Telmate/terraform-provider-proxmox/proxmox/resource_vm_qemu.go:1478[0m[36m >[0m Reading configuration for vmid [36mloggerName=[0mresource_vm_read [36mvmid=[0m101
[90mWed, 15 Feb 2023 17:39:57 +0100[0m [32mINF[0m [1mgithub.com/Telmate/terraform-provider-proxmox/proxmox/resource_vm_qemu.go:1478[0m[36m >[0m Reading configuration for vmid [36mloggerName=[0mresource_vm_read [36mvmid=[0m100
[90mWed, 15 Feb 2023 17:39:58 +0100[0m [32mINF[0m [1mgithub.com/Telmate/terraform-provider-proxmox/proxmox/util.go:190[0m[36m >[0m Logging Started. Root Logger Set to level info
[90mWed, 15 Feb 2023 17:40:03 +0100[0m [32mINF[0m [1mgithub.com/Telmate/terraform-provider-proxmox/proxmox/resource_vm_qemu.go:845[0m[36m >[0m VM creation [36mloggerName=[0mresource_vm_create [36mvmid=[0m
[90mWed, 15 Feb 2023 17:41:21 +0100[0m [32mINF[0m [1mgithub.com/Telmate/terraform-provider-proxmox/proxmox/resource_vm_qemu.go:1138[0m[36m >[0m Starting update of the VM resource [36mloggerName=[0mresource_vm_update [36mvmid=[0m100
[90mWed, 15 Feb 2023 17:41:34 +0100[0m [32mINF[0m [1mgithub.com/Telmate/terraform-provider-proxmox/proxmox/resource_vm_qemu.go:845[0m[36m >[0m VM creation [36mloggerName=[0mresource_vm_create [36mvmid=[0m
[90mWed, 15 Feb 2023 17:43:30 +0100[0m [32mINF[0m [1mgithub.com/Telmate/terraform-provider-proxmox/proxmox/resource_vm_qemu.go:1934[0m[36m >[0m qemu agent is disabled from proxmox config, cant comunicate with vm. [36mloggerName=[0minitConnInfo [36mvmid=[0m102
[90mWed, 15 Feb 2023 17:43:30 +0100[0m [32mINF[0m [1mgithub.com/Telmate/terraform-provider-proxmox/proxmox/resource_vm_qemu.go:1478[0m[36m >[0m Reading configuration for vmid [36mloggerName=[0mresource_vm_read [36mvmid=[0m102
[90mWed, 15 Feb 2023 17:45:24 +0100[0m [32mINF[0m [1mgithub.com/Telmate/terraform-provider-proxmox/proxmox/util.go:190[0m[36m >[0m Logging Started. Root Logger Set to level info
[90mWed, 15 Feb 2023 17:45:24 +0100[0m [32mINF[0m [1mgithub.com/Telmate/terraform-provider-proxmox/proxmox/resource_vm_qemu.go:1478[0m[36m >[0m Reading configuration for vmid [36mloggerName=[0mresource_vm_read [36mvmid=[0m102
[90mWed, 15 Feb 2023 17:45:25 +0100[0m [32mINF[0m [1mgithub.com/Telmate/terraform-provider-proxmox/proxmox/resource_vm_qemu.go:1478[0m[36m >[0m Reading configuration for vmid [36mloggerName=[0mresource_vm_read [36mvmid=[0m100
[90mWed, 15 Feb 2023 17:45:26 +0100[0m [32mINF[0m [1mgithub.com/Telmate/terraform-provider-proxmox/proxmox/resource_vm_qemu.go:1478[0m[36m >[0m Reading configuration for vmid [36mloggerName=[0mresource_vm_read [36mvmid=[0m101
[90mWed, 15 Feb 2023 17:45:27 +0100[0m [32mINF[0m [1mgithub.com/Telmate/terraform-provider-proxmox/proxmox/util.go:190[0m[36m >[0m Logging Started. Root Logger Set to level info
[90mWed, 15 Feb 2023 17:45:27 +0100[0m [32mINF[0m [1mgithub.com/Telmate/terraform-provider-proxmox/proxmox/resource_vm_qemu.go:1138[0m[36m >[0m Starting update of the VM resource [36mloggerName=[0mresource_vm_update [36mvmid=[0m100
[90mWed, 15 Feb 2023 17:45:32 +0100[0m [32mINF[0m [1mgithub.com/Telmate/terraform-provider-proxmox/proxmox/resource_vm_qemu.go:1138[0m[36m >[0m Starting update of the VM resource [36mloggerName=[0mresource_vm_update [36mvmid=[0m102
[90mWed, 15 Feb 2023 17:45:44 +0100[0m [32mINF[0m [1mgithub.com/Telmate/terraform-provider-proxmox/proxmox/resource_vm_qemu.go:845[0m[36m >[0m VM creation [36mloggerName=[0mresource_vm_create [36mvmid=[0m
[90mWed, 15 Feb 2023 17:47:40 +0100[0m [32mINF[0m [1mgithub.com/Telmate/terraform-provider-proxmox/proxmox/resource_vm_qemu.go:1934[0m[36m >[0m qemu agent is disabled from proxmox config, cant comunicate with vm. [36mloggerName=[0minitConnInfo [36mvmid=[0m101
[90mWed, 15 Feb 2023 17:47:40 +0100[0m [32mINF[0m [1mgithub.com/Telmate/terraform-provider-proxmox/proxmox/resource_vm_qemu.go:1478[0m[36m >[0m Reading configuration for vmid [36mloggerName=[0mresource_vm_read [36mvmid=[0m101
[90mWed, 15 Feb 2023 17:48:21 +0100[0m [32mINF[0m [1mgithub.com/Telmate/terraform-provider-proxmox/proxmox/util.go:190[0m[36m >[0m Logging Started. Root Logger Set to level info
[90mWed, 15 Feb 2023 17:48:21 +0100[0m [32mINF[0m [1mgithub.com/Telmate/terraform-provider-proxmox/proxmox/resource_vm_qemu.go:1478[0m[36m >[0m Reading configuration for vmid [36mloggerName=[0mresource_vm_read [36mvmid=[0m102
[90mWed, 15 Feb 2023 17:48:21 +0100[0m [32mINF[0m [1mgithub.com/Telmate/terraform-provider-proxmox/proxmox/resource_vm_qemu.go:1478[0m[36m >[0m Reading configuration for vmid [36mloggerName=[0mresource_vm_read [36mvmid=[0m101
[90mWed, 15 Feb 2023 17:48:21 +0100[0m [32mINF[0m [1mgithub.com/Telmate/terraform-provider-proxmox/proxmox/resource_vm_qemu.go:1478[0m[36m >[0m Reading configuration for vmid [36mloggerName=[0mresource_vm_read [36mvmid=[0m100
[90mWed, 15 Feb 2023 17:48:23 +0100[0m [32mINF[0m [1mgithub.com/Telmate/terraform-provider-proxmox/proxmox/util.go:190[0m[36m >[0m Logging Started. Root Logger Set to level info
[90mWed, 15 Feb 2023 17:48:33 +0100[0m [32mINF[0m [1mgithub.com/Telmate/terraform-provider-proxmox/proxmox/util.go:190[0m[36m >[0m Logging Started. Root Logger Set to level info
[90mWed, 15 Feb 2023 17:50:19 +0100[0m [32mINF[0m [1mgithub.com/Telmate/terraform-provider-proxmox/proxmox/util.go:190[0m[36m >[0m Logging Started. Root Logger Set to level info
[90mWed, 15 Feb 2023 17:50:20 +0100[0m [32mINF[0m [1mgithub.com/Telmate/terraform-provider-proxmox/proxmox/util.go:190[0m[36m >[0m Logging Started. Root Logger Set to level info
[90mWed, 15 Feb 2023 17:50:20 +0100[0m [32mINF[0m [1mgithub.com/Telmate/terraform-provider-proxmox/proxmox/resource_vm_qemu.go:845[0m[36m >[0m VM creation [36mloggerName=[0mresource_vm_create [36mvmid=[0m
[90mWed, 15 Feb 2023 17:52:21 +0100[0m [32mINF[0m [1mgithub.com/Telmate/terraform-provider-proxmox/proxmox/resource_vm_qemu.go:1934[0m[36m >[0m qemu agent is disabled from proxmox config, cant comunicate with vm. [36mloggerName=[0minitConnInfo [36mvmid=[0m100
[90mWed, 15 Feb 2023 17:52:21 +0100[0m [32mINF[0m [1mgithub.com/Telmate/terraform-provider-proxmox/proxmox/resource_vm_qemu.go:1478[0m[36m >[0m Reading configuration for vmid [36mloggerName=[0mresource_vm_read [36mvmid=[0m100
[90mWed, 15 Feb 2023 17:52:22 +0100[0m [32mINF[0m [1mgithub.com/Telmate/terraform-provider-proxmox/proxmox/resource_vm_qemu.go:845[0m[36m >[0m VM creation [36mloggerName=[0mresource_vm_create [36mvmid=[0m
[90mWed, 15 Feb 2023 17:54:20 +0100[0m [32mINF[0m [1mgithub.com/Telmate/terraform-provider-proxmox/proxmox/resource_vm_qemu.go:1934[0m[36m >[0m qemu agent is disabled from proxmox config, cant comunicate with vm. [36mloggerName=[0minitConnInfo [36mvmid=[0m101
[90mWed, 15 Feb 2023 17:54:20 +0100[0m [32mINF[0m [1mgithub.com/Telmate/terraform-provider-proxmox/proxmox/resource_vm_qemu.go:1478[0m[36m >[0m Reading configuration for vmid [36mloggerName=[0mresource_vm_read [36mvmid=[0m101
[90mWed, 15 Feb 2023 17:54:21 +0100[0m [32mINF[0m [1mgithub.com/Telmate/terraform-provider-proxmox/proxmox/resource_vm_qemu.go:845[0m[36m >[0m VM creation [36mloggerName=[0mresource_vm_create [36mvmid=[0m
[90mWed, 15 Feb 2023 17:56:16 +0100[0m [32mINF[0m [1mgithub.com/Telmate/terraform-provider-proxmox/proxmox/resource_vm_qemu.go:1934[0m[36m >[0m qemu agent is disabled from proxmox config, cant comunicate with vm. [36mloggerName=[0minitConnInfo [36mvmid=[0m102
[90mWed, 15 Feb 2023 17:56:16 +0100[0m [32mINF[0m [1mgithub.com/Telmate/terraform-provider-proxmox/proxmox/resource_vm_qemu.go:1478[0m[36m >[0m Reading configuration for vmid [36mloggerName=[0mresource_vm_read [36mvmid=[0m102
[90mThu, 16 Feb 2023 19:19:52 +0100[0m [32mINF[0m [1mgithub.com/Telmate/terraform-provider-proxmox/proxmox/util.go:190[0m[36m >[0m Logging Started. Root Logger Set to level info
[90mThu, 16 Feb 2023 19:19:52 +0100[0m [32mINF[0m [1mgithub.com/Telmate/terraform-provider-proxmox/proxmox/resource_vm_qemu.go:1478[0m[36m >[0m Reading configuration for vmid [36mloggerName=[0mresource_vm_read [36mvmid=[0m102
[90mThu, 16 Feb 2023 19:19:53 +0100[0m [32mINF[0m [1mgithub.com/Telmate/terraform-provider-proxmox/proxmox/resource_vm_qemu.go:1478[0m[36m >[0m Reading configuration for vmid [36mloggerName=[0mresource_vm_read [36mvmid=[0m101
[90mThu, 16 Feb 2023 19:19:54 +0100[0m [32mINF[0m [1mgithub.com/Telmate/terraform-provider-proxmox/proxmox/resource_vm_qemu.go:1478[0m[36m >[0m Reading configuration for vmid [36mloggerName=[0mresource_vm_read [36mvmid=[0m100
[90mThu, 16 Feb 2023 19:19:55 +0100[0m [32mINF[0m [1mgithub.com/Telmate/terraform-provider-proxmox/proxmox/util.go:190[0m[36m >[0m Logging Started. Root Logger Set to level info
[90mThu, 16 Feb 2023 19:19:55 +0100[0m [32mINF[0m [1mgithub.com/Telmate/terraform-provider-proxmox/proxmox/resource_vm_qemu.go:1138[0m[36m >[0m Starting update of the VM resource [36mloggerName=[0mresource_vm_update [36mvmid=[0m101
[90mThu, 16 Feb 2023 19:20:07 +0100[0m [32mINF[0m [1mgithub.com/Telmate/terraform-provider-proxmox/proxmox/resource_vm_qemu.go:1138[0m[36m >[0m Starting update of the VM resource [36mloggerName=[0mresource_vm_update [36mvmid=[0m100
[90mThu, 16 Feb 2023 19:20:31 +0100[0m [32mINF[0m [1mgithub.com/Telmate/terraform-provider-proxmox/proxmox/resource_vm_qemu.go:1934[0m[36m >[0m qemu agent is disabled from proxmox config, cant comunicate with vm. [36mloggerName=[0minitConnInfo [36mvmid=[0m100
[90mThu, 16 Feb 2023 19:20:47 +0100[0m [32mINF[0m [1mgithub.com/Telmate/terraform-provider-proxmox/proxmox/resource_vm_qemu.go:1478[0m[36m >[0m Reading configuration for vmid [36mloggerName=[0mresource_vm_read [36mvmid=[0m100
[90mThu, 16 Feb 2023 19:20:48 +0100[0m [32mINF[0m [1mgithub.com/Telmate/terraform-provider-proxmox/proxmox/resource_vm_qemu.go:1138[0m[36m >[0m Starting update of the VM resource [36mloggerName=[0mresource_vm_update [36mvmid=[0m102
[90mThu, 16 Feb 2023 19:21:12 +0100[0m [32mINF[0m [1mgithub.com/Telmate/terraform-provider-proxmox/proxmox/resource_vm_qemu.go:1934[0m[36m >[0m qemu agent is disabled from proxmox config, cant comunicate with vm. [36mloggerName=[0minitConnInfo [36mvmid=[0m102
[90mThu, 16 Feb 2023 19:21:32 +0100[0m [32mINF[0m [1mgithub.com/Telmate/terraform-provider-proxmox/proxmox/resource_vm_qemu.go:1478[0m[36m >[0m Reading configuration for vmid [36mloggerName=[0mresource_vm_read [36mvmid=[0m102
[90mWed, 22 Feb 2023 09:58:55 +0100[0m [32mINF[0m [1mgithub.com/Telmate/terraform-provider-proxmox/proxmox/util.go:190[0m[36m >[0m Logging Started. Root Logger Set to level info
[90mWed, 22 Feb 2023 09:58:55 +0100[0m [32mINF[0m [1mgithub.com/Telmate/terraform-provider-proxmox/proxmox/resource_vm_qemu.go:1478[0m[36m >[0m Reading configuration for vmid [36mloggerName=[0mresource_vm_read [36mvmid=[0m101
[90mWed, 22 Feb 2023 09:58:55 +0100[0m [32mINF[0m [1mgithub.com/Telmate/terraform-provider-proxmox/proxmox/resource_vm_qemu.go:1478[0m[36m >[0m Reading configuration for vmid [36mloggerName=[0mresource_vm_read [36mvmid=[0m100
[90mWed, 22 Feb 2023 09:58:55 +0100[0m [32mINF[0m [1mgithub.com/Telmate/terraform-provider-proxmox/proxmox/resource_vm_qemu.go:1478[0m[36m >[0m Reading configuration for vmid [36mloggerName=[0mresource_vm_read [36mvmid=[0m102
[90mWed, 22 Feb 2023 09:58:56 +0100[0m [32mINF[0m [1mgithub.com/Telmate/terraform-provider-proxmox/proxmox/util.go:190[0m[36m >[0m Logging Started. Root Logger Set to level info
[90mWed, 22 Feb 2023 09:58:57 +0100[0m [32mINF[0m [1mgithub.com/Telmate/terraform-provider-proxmox/proxmox/util.go:190[0m[36m >[0m Logging Started. Root Logger Set to level info
